# JRE version: Java(TM) SE Runtime Environment (8.0_251-b08) (build 1.8.0_251-b08)
# Java VM: Java HotSpot(TM) 64-Bit Server VM (25.251-b08 mixed mode bsd-amd64 compressed oops)
Heap:
 PSYoungGen      total 76288K, used 46662K [0x000000076ab00000, 0x0000000770d00000, 0x00000007c0000000)
  eden space 65536K, 60% used [0x000000076ab00000,0x000000076d1804a0,0x000000076eb00000)
  from space 10752K, 67% used [0x000000076eb00000,0x000000076f211430,0x000000076f580000)
  to   space 10752K, 0% used [0x0000000770280000,0x0000000770280000,0x0000000770d00000)
 ParOldGen       total 239104K, used 22926K [0x00000006c0000000, 0x00000006ce980000, 0x000000076ab00000)
  object space 239104K, 9% used [0x00000006c0000000,0x00000006c1663810,0x00000006ce980000)
 Metaspace       used 39710K, capacity 41708K, committed 41984K, reserved 1085440K
  class space    used 5473K, capacity 5859K, committed 5888K, reserved 1048576K
GC Heap History (10 events):
Event: 2.246 GC heap before
{Heap before GC invocations=1 (full 0):
 PSYoungGen      total 76288K, used 54310K [0x000000076ab00000, 0x0000000770000000, 0x00000007c0000000)
  eden space 65536K, 82% used [0x000000076ab00000,0x000000076e009a80,0x000000076eb00000)
  from space 10752K, 0% used [0x000000076f580000,0x000000076f580000,0x0000000770000000)
  to   space 10752K, 0% used [0x000000076eb00000,0x000000076eb00000,0x000000076f580000)
 ParOldGen       total 175104K, used 44384K [0x00000006c0000000, 0x00000006cab00000, 0x000000076ab00000)
  object space 175104K, 25% used [0x00000006c0000000,0x00000006c2b58320,0x00000006cab00000)
 Metaspace       used 20307K, capacity 21230K, committed 21296K, reserved 1067008K
  class space    used 2928K, capacity 3144K, committed 3200K, reserved 1048576K
Event: 2.258 GC heap after
Heap after GC invocations=1 (full 0):
 PSYoungGen      total 76288K, used 9799K [0x000000076ab00000, 0x0000000770000000, 0x00000007c0000000)
  eden space 65536K, 0% used [0x000000076ab00000,0x000000076ab00000,0x000000076eb00000)
  from space 10752K, 91% used [0x000000076eb00000,0x000000076f491ea0,0x000000076f580000)
  to   space 10752K, 0% used [0x000000076f580000,0x000000076f580000,0x0000000770000000)
 ParOldGen       total 175104K, used 44472K [0x00000006c0000000, 0x00000006cab00000, 0x000000076ab00000)
  object space 175104K, 25% used [0x00000006c0000000,0x00000006c2b6e330,0x00000006cab00000)
 Metaspace       used 20307K, capacity 21230K, committed 21296K, reserved 1067008K
  class space    used 2928K, capacity 3144K, committed 3200K, reserved 1048576K
}
Event: 2.258 GC heap before
{Heap before GC invocations=2 (full 1):
 PSYoungGen      total 76288K, used 9799K [0x000000076ab00000, 0x0000000770000000, 0x00000007c0000000)
  eden space 65536K, 0% used [0x000000076ab00000,0x000000076ab00000,0x000000076eb00000)
  from space 10752K, 91% used [0x000000076eb00000,0x000000076f491ea0,0x000000076f580000)
  to   space 10752K, 0% used [0x000000076f580000,0x000000076f580000,0x0000000770000000)
 ParOldGen       total 175104K, used 44472K [0x00000006c0000000, 0x00000006cab00000, 0x000000076ab00000)
  object space 175104K, 25% used [0x00000006c0000000,0x00000006c2b6e330,0x00000006cab00000)
 Metaspace       used 20307K, capacity 21230K, committed 21296K, reserved 1067008K
  class space    used 2928K, capacity 3144K, committed 3200K, reserved 1048576K
Event: 2.291 GC heap after
Heap after GC invocations=2 (full 1):
 PSYoungGen      total 76288K, used 0K [0x000000076ab00000, 0x0000000770000000, 0x00000007c0000000)
  eden space 65536K, 0% used [0x000000076ab00000,0x000000076ab00000,0x000000076eb00000)
  from space 10752K, 0% used [0x000000076eb00000,0x000000076eb00000,0x000000076f580000)
  to   space 10752K, 0% used [0x000000076f580000,0x000000076f580000,0x0000000770000000)
 ParOldGen       total 173568K, used 54010K [0x00000006c0000000, 0x00000006ca980000, 0x000000076ab00000)
  object space 173568K, 31% used [0x00000006c0000000,0x00000006c34be8c0,0x00000006ca980000)
 Metaspace       used 20307K, capacity 21230K, committed 21296K, reserved 1067008K
  class space    used 2928K, capacity 3144K, committed 3200K, reserved 1048576K
}
Event: 39.131 GC heap before
{Heap before GC invocations=3 (full 1):
 PSYoungGen      total 76288K, used 60561K [0x000000076ab00000, 0x0000000770000000, 0x00000007c0000000)
  eden space 65536K, 92% used [0x000000076ab00000,0x000000076e6244e8,0x000000076eb00000)
  from space 10752K, 0% used [0x000000076eb00000,0x000000076eb00000,0x000000076f580000)
  to   space 10752K, 0% used [0x000000076f580000,0x000000076f580000,0x0000000770000000)
 ParOldGen       total 173568K, used 54010K [0x00000006c0000000, 0x00000006ca980000, 0x000000076ab00000)
  object space 173568K, 31% used [0x00000006c0000000,0x00000006c34be8c0,0x00000006ca980000)
 Metaspace       used 33676K, capacity 35300K, committed 35496K, reserved 1079296K
  class space    used 4792K, capacity 5091K, committed 5120K, reserved 1048576K
Event: 39.165 GC heap after
Heap after GC invocations=3 (full 1):
 PSYoungGen      total 76288K, used 10736K [0x000000076ab00000, 0x0000000770b80000, 0x00000007c0000000)
  eden space 65536K, 0% used [0x000000076ab00000,0x000000076ab00000,0x000000076eb00000)
  from space 10752K, 99% used [0x000000076f580000,0x000000076fffc090,0x0000000770000000)
  to   space 10752K, 0% used [0x000000076eb00000,0x000000076eb00000,0x000000076f580000)
 ParOldGen       total 173568K, used 64722K [0x00000006c0000000, 0x00000006ca980000, 0x000000076ab00000)
  object space 173568K, 37% used [0x00000006c0000000,0x00000006c3f34b00,0x00000006ca980000)
 Metaspace       used 33676K, capacity 35300K, committed 35496K, reserved 1079296K
  class space    used 4792K, capacity 5091K, committed 5120K, reserved 1048576K
}
Event: 39.165 GC heap before
{Heap before GC invocations=4 (full 2):
 PSYoungGen      total 76288K, used 10736K [0x000000076ab00000, 0x0000000770b80000, 0x00000007c0000000)
  eden space 65536K, 0% used [0x000000076ab00000,0x000000076ab00000,0x000000076eb00000)
  from space 10752K, 99% used [0x000000076f580000,0x000000076fffc090,0x0000000770000000)
  to   space 10752K, 0% used [0x000000076eb00000,0x000000076eb00000,0x000000076f580000)
 ParOldGen       total 173568K, used 64722K [0x00000006c0000000, 0x00000006ca980000, 0x000000076ab00000)
  object space 173568K, 37% used [0x00000006c0000000,0x00000006c3f34b00,0x00000006ca980000)
 Metaspace       used 33676K, capacity 35300K, committed 35496K, reserved 1079296K
  class space    used 4792K, capacity 5091K, committed 5120K, reserved 1048576K
Event: 39.243 GC heap after
Heap after GC invocations=4 (full 2):
 PSYoungGen      total 76288K, used 0K [0x000000076ab00000, 0x0000000770b80000, 0x00000007c0000000)
  eden space 65536K, 0% used [0x000000076ab00000,0x000000076ab00000,0x000000076eb00000)
  from space 10752K, 0% used [0x000000076f580000,0x000000076f580000,0x0000000770000000)
  to   space 10752K, 0% used [0x000000076eb00000,0x000000076eb00000,0x000000076f580000)
 ParOldGen       total 239104K, used 22918K [0x00000006c0000000, 0x00000006ce980000, 0x000000076ab00000)
  object space 239104K, 9% used [0x00000006c0000000,0x00000006c1661810,0x00000006ce980000)
 Metaspace       used 33676K, capacity 35300K, committed 35496K, reserved 1079296K
  class space    used 4792K, capacity 5091K, committed 5120K, reserved 1048576K
}
Event: 173.084 GC heap before
{Heap before GC invocations=5 (full 2):
 PSYoungGen      total 76288K, used 65536K [0x000000076ab00000, 0x0000000770b80000, 0x00000007c0000000)
  eden space 65536K, 100% used [0x000000076ab00000,0x000000076eb00000,0x000000076eb00000)
  from space 10752K, 0% used [0x000000076f580000,0x000000076f580000,0x0000000770000000)
  to   space 10752K, 0% used [0x000000076eb00000,0x000000076eb00000,0x000000076f580000)
 ParOldGen       total 239104K, used 22918K [0x00000006c0000000, 0x00000006ce980000, 0x000000076ab00000)
  object space 239104K, 9% used [0x00000006c0000000,0x00000006c1661810,0x00000006ce980000)
 Metaspace       used 39171K, capacity 41154K, committed 41472K, reserved 1085440K
  class space    used 5459K, capacity 5810K, committed 5888K, reserved 1048576K
Event: 173.090 GC heap after
Heap after GC invocations=5 (full 2):
 PSYoungGen      total 76288K, used 7237K [0x000000076ab00000, 0x0000000770d00000, 0x00000007c0000000)
  eden space 65536K, 0% used [0x000000076ab00000,0x000000076ab00000,0x000000076eb00000)
  from space 10752K, 67% used [0x000000076eb00000,0x000000076f211430,0x000000076f580000)
  to   space 10752K, 0% used [0x0000000770280000,0x0000000770280000,0x0000000770d00000)
 ParOldGen       total 239104K, used 22926K [0x00000006c0000000, 0x00000006ce980000, 0x000000076ab00000)
  object space 239104K, 9% used [0x00000006c0000000,0x00000006c1663810,0x00000006ce980000)
 Metaspace       used 39171K, capacity 41154K, committed 41472K, reserved 1085440K
  class space    used 5459K, capacity 5810K, committed 5888K, reserved 1048576K
}

