# JRE version: Java(TM) SE Runtime Environment (8.0_251-b08) (build 1.8.0_251-b08)
# Java VM: Java HotSpot(TM) 64-Bit Server VM (25.251-b08 mixed mode bsd-amd64 compressed oops)
Heap:
 PSYoungGen      total 76288K, used 43922K [0x000000076ab00000, 0x0000000770b00000, 0x00000007c0000000)
  eden space 65536K, 67% used [0x000000076ab00000,0x000000076d5e4a70,0x000000076eb00000)
  from space 10752K, 0% used [0x000000076f580000,0x000000076f580000,0x0000000770000000)
  to   space 10752K, 0% used [0x000000076eb00000,0x000000076eb00000,0x000000076f580000)
 ParOldGen       total 294400K, used 68775K [0x00000006c0000000, 0x00000006d1f80000, 0x000000076ab00000)
  object space 294400K, 23% used [0x00000006c0000000,0x00000006c4329f50,0x00000006d1f80000)
 Metaspace       used 38958K, capacity 40955K, committed 41216K, reserved 1085440K
  class space    used 5446K, capacity 5815K, committed 5888K, reserved 1048576K
GC Heap History (8 events):
Event: 2.260 GC heap before
{Heap before GC invocations=1 (full 0):
 PSYoungGen      total 76288K, used 54228K [0x000000076ab00000, 0x0000000770000000, 0x00000007c0000000)
  eden space 65536K, 82% used [0x000000076ab00000,0x000000076dff51c0,0x000000076eb00000)
  from space 10752K, 0% used [0x000000076f580000,0x000000076f580000,0x0000000770000000)
  to   space 10752K, 0% used [0x000000076eb00000,0x000000076eb00000,0x000000076f580000)
 ParOldGen       total 175104K, used 44384K [0x00000006c0000000, 0x00000006cab00000, 0x000000076ab00000)
  object space 175104K, 25% used [0x00000006c0000000,0x00000006c2b58320,0x00000006cab00000)
 Metaspace       used 20306K, capacity 21230K, committed 21296K, reserved 1067008K
  class space    used 2926K, capacity 3144K, committed 3200K, reserved 1048576K
Event: 2.270 GC heap after
Heap after GC invocations=1 (full 0):
 PSYoungGen      total 76288K, used 9732K [0x000000076ab00000, 0x0000000770000000, 0x00000007c0000000)
  eden space 65536K, 0% used [0x000000076ab00000,0x000000076ab00000,0x000000076eb00000)
  from space 10752K, 90% used [0x000000076eb00000,0x000000076f481138,0x000000076f580000)
  to   space 10752K, 0% used [0x000000076f580000,0x000000076f580000,0x0000000770000000)
 ParOldGen       total 175104K, used 44472K [0x00000006c0000000, 0x00000006cab00000, 0x000000076ab00000)
  object space 175104K, 25% used [0x00000006c0000000,0x00000006c2b6e330,0x00000006cab00000)
 Metaspace       used 20306K, capacity 21230K, committed 21296K, reserved 1067008K
  class space    used 2926K, capacity 3144K, committed 3200K, reserved 1048576K
}
Event: 2.270 GC heap before
{Heap before GC invocations=2 (full 1):
 PSYoungGen      total 76288K, used 9732K [0x000000076ab00000, 0x0000000770000000, 0x00000007c0000000)
  eden space 65536K, 0% used [0x000000076ab00000,0x000000076ab00000,0x000000076eb00000)
  from space 10752K, 90% used [0x000000076eb00000,0x000000076f481138,0x000000076f580000)
  to   space 10752K, 0% used [0x000000076f580000,0x000000076f580000,0x0000000770000000)
 ParOldGen       total 175104K, used 44472K [0x00000006c0000000, 0x00000006cab00000, 0x000000076ab00000)
  object space 175104K, 25% used [0x00000006c0000000,0x00000006c2b6e330,0x00000006cab00000)
 Metaspace       used 20306K, capacity 21230K, committed 21296K, reserved 1067008K
  class space    used 2926K, capacity 3144K, committed 3200K, reserved 1048576K
Event: 2.302 GC heap after
Heap after GC invocations=2 (full 1):
 PSYoungGen      total 76288K, used 0K [0x000000076ab00000, 0x0000000770000000, 0x00000007c0000000)
  eden space 65536K, 0% used [0x000000076ab00000,0x000000076ab00000,0x000000076eb00000)
  from space 10752K, 0% used [0x000000076eb00000,0x000000076eb00000,0x000000076f580000)
  to   space 10752K, 0% used [0x000000076f580000,0x000000076f580000,0x0000000770000000)
 ParOldGen       total 176640K, used 53970K [0x00000006c0000000, 0x00000006cac80000, 0x000000076ab00000)
  object space 176640K, 30% used [0x00000006c0000000,0x00000006c34b4840,0x00000006cac80000)
 Metaspace       used 20306K, capacity 21230K, committed 21296K, reserved 1067008K
  class space    used 2926K, capacity 3144K, committed 3200K, reserved 1048576K
}
Event: 24.777 GC heap before
{Heap before GC invocations=3 (full 1):
 PSYoungGen      total 76288K, used 59768K [0x000000076ab00000, 0x0000000770000000, 0x00000007c0000000)
  eden space 65536K, 91% used [0x000000076ab00000,0x000000076e55e2f8,0x000000076eb00000)
  from space 10752K, 0% used [0x000000076eb00000,0x000000076eb00000,0x000000076f580000)
  to   space 10752K, 0% used [0x000000076f580000,0x000000076f580000,0x0000000770000000)
 ParOldGen       total 176640K, used 53970K [0x00000006c0000000, 0x00000006cac80000, 0x000000076ab00000)
  object space 176640K, 30% used [0x00000006c0000000,0x00000006c34b4840,0x00000006cac80000)
 Metaspace       used 33812K, capacity 35403K, committed 35496K, reserved 1079296K
  class space    used 4796K, capacity 5120K, committed 5120K, reserved 1048576K
Event: 24.819 GC heap after
Heap after GC invocations=3 (full 1):
 PSYoungGen      total 76288K, used 10748K [0x000000076ab00000, 0x0000000770b00000, 0x00000007c0000000)
  eden space 65536K, 0% used [0x000000076ab00000,0x000000076ab00000,0x000000076eb00000)
  from space 10752K, 99% used [0x000000076f580000,0x000000076ffff080,0x0000000770000000)
  to   space 10752K, 0% used [0x000000076eb00000,0x000000076eb00000,0x000000076f580000)
 ParOldGen       total 176640K, used 64612K [0x00000006c0000000, 0x00000006cac80000, 0x000000076ab00000)
  object space 176640K, 36% used [0x00000006c0000000,0x00000006c3f19098,0x00000006cac80000)
 Metaspace       used 33812K, capacity 35403K, committed 35496K, reserved 1079296K
  class space    used 4796K, capacity 5120K, committed 5120K, reserved 1048576K
}
Event: 24.819 GC heap before
{Heap before GC invocations=4 (full 2):
 PSYoungGen      total 76288K, used 10748K [0x000000076ab00000, 0x0000000770b00000, 0x00000007c0000000)
  eden space 65536K, 0% used [0x000000076ab00000,0x000000076ab00000,0x000000076eb00000)
  from space 10752K, 99% used [0x000000076f580000,0x000000076ffff080,0x0000000770000000)
  to   space 10752K, 0% used [0x000000076eb00000,0x000000076eb00000,0x000000076f580000)
 ParOldGen       total 176640K, used 64612K [0x00000006c0000000, 0x00000006cac80000, 0x000000076ab00000)
  object space 176640K, 36% used [0x00000006c0000000,0x00000006c3f19098,0x00000006cac80000)
 Metaspace       used 33812K, capacity 35403K, committed 35496K, reserved 1079296K
  class space    used 4796K, capacity 5120K, committed 5120K, reserved 1048576K
Event: 24.929 GC heap after
Heap after GC invocations=4 (full 2):
 PSYoungGen      total 76288K, used 0K [0x000000076ab00000, 0x0000000770b00000, 0x00000007c0000000)
  eden space 65536K, 0% used [0x000000076ab00000,0x000000076ab00000,0x000000076eb00000)
  from space 10752K, 0% used [0x000000076f580000,0x000000076f580000,0x0000000770000000)
  to   space 10752K, 0% used [0x000000076eb00000,0x000000076eb00000,0x000000076f580000)
 ParOldGen       total 294400K, used 68775K [0x00000006c0000000, 0x00000006d1f80000, 0x000000076ab00000)
  object space 294400K, 23% used [0x00000006c0000000,0x00000006c4329f50,0x00000006d1f80000)
 Metaspace       used 33812K, capacity 35403K, committed 35496K, reserved 1079296K
  class space    used 4796K, capacity 5120K, committed 5120K, reserved 1048576K
}

