# JRE version: Java(TM) SE Runtime Environment (8.0_251-b08) (build 1.8.0_251-b08)
# Java VM: Java HotSpot(TM) 64-Bit Server VM (25.251-b08 mixed mode bsd-amd64 compressed oops)
Heap:
 PSYoungGen      total 76288K, used 5582K [0x000000076ab00000, 0x0000000770000000, 0x00000007c0000000)
  eden space 65536K, 8% used [0x000000076ab00000,0x000000076b073b80,0x000000076eb00000)
  from space 10752K, 0% used [0x000000076f580000,0x000000076f580000,0x0000000770000000)
  to   space 10752K, 0% used [0x000000076eb00000,0x000000076eb00000,0x000000076f580000)
 ParOldGen       total 246272K, used 74909K [0x00000006c0000000, 0x00000006cf080000, 0x000000076ab00000)
  object space 246272K, 30% used [0x00000006c0000000,0x00000006c49274b0,0x00000006cf080000)
 Metaspace       used 39426K, capacity 41416K, committed 41728K, reserved 1085440K
  class space    used 5411K, capacity 5786K, committed 5888K, reserved 1048576K
GC Heap History (10 events):
Event: 54.957 GC heap before
{Heap before GC invocations=3 (full 1):
 PSYoungGen      total 76288K, used 61316K [0x000000076ab00000, 0x0000000770000000, 0x00000007c0000000)
  eden space 65536K, 93% used [0x000000076ab00000,0x000000076e6e1120,0x000000076eb00000)
  from space 10752K, 0% used [0x000000076eb00000,0x000000076eb00000,0x000000076f580000)
  to   space 10752K, 0% used [0x000000076f580000,0x000000076f580000,0x0000000770000000)
 ParOldGen       total 180224K, used 54011K [0x00000006c0000000, 0x00000006cb000000, 0x000000076ab00000)
  object space 180224K, 29% used [0x00000006c0000000,0x00000006c34bef68,0x00000006cb000000)
 Metaspace       used 33825K, capacity 35464K, committed 35496K, reserved 1079296K
  class space    used 4783K, capacity 5112K, committed 5120K, reserved 1048576K
Event: 54.994 GC heap after
Heap after GC invocations=3 (full 1):
 PSYoungGen      total 76288K, used 10736K [0x000000076ab00000, 0x0000000770780000, 0x00000007c0000000)
  eden space 65536K, 0% used [0x000000076ab00000,0x000000076ab00000,0x000000076eb00000)
  from space 10752K, 99% used [0x000000076f580000,0x000000076fffc090,0x0000000770000000)
  to   space 10752K, 0% used [0x000000076eb00000,0x000000076eb00000,0x000000076f580000)
 ParOldGen       total 180224K, used 64413K [0x00000006c0000000, 0x00000006cb000000, 0x000000076ab00000)
  object space 180224K, 35% used [0x00000006c0000000,0x00000006c3ee7600,0x00000006cb000000)
 Metaspace       used 33825K, capacity 35464K, committed 35496K, reserved 1079296K
  class space    used 4783K, capacity 5112K, committed 5120K, reserved 1048576K
}
Event: 54.994 GC heap before
{Heap before GC invocations=4 (full 2):
 PSYoungGen      total 76288K, used 10736K [0x000000076ab00000, 0x0000000770780000, 0x00000007c0000000)
  eden space 65536K, 0% used [0x000000076ab00000,0x000000076ab00000,0x000000076eb00000)
  from space 10752K, 99% used [0x000000076f580000,0x000000076fffc090,0x0000000770000000)
  to   space 10752K, 0% used [0x000000076eb00000,0x000000076eb00000,0x000000076f580000)
 ParOldGen       total 180224K, used 64413K [0x00000006c0000000, 0x00000006cb000000, 0x000000076ab00000)
  object space 180224K, 35% used [0x00000006c0000000,0x00000006c3ee7600,0x00000006cb000000)
 Metaspace       used 33825K, capacity 35464K, committed 35496K, reserved 1079296K
  class space    used 4783K, capacity 5112K, committed 5120K, reserved 1048576K
Event: 55.062 GC heap after
Heap after GC invocations=4 (full 2):
 PSYoungGen      total 76288K, used 0K [0x000000076ab00000, 0x0000000770780000, 0x00000007c0000000)
  eden space 65536K, 0% used [0x000000076ab00000,0x000000076ab00000,0x000000076eb00000)
  from space 10752K, 0% used [0x000000076f580000,0x000000076f580000,0x0000000770000000)
  to   space 10752K, 0% used [0x000000076eb00000,0x000000076eb00000,0x000000076f580000)
 ParOldGen       total 161792K, used 22930K [0x00000006c0000000, 0x00000006c9e00000, 0x000000076ab00000)
  object space 161792K, 14% used [0x00000006c0000000,0x00000006c1664ac8,0x00000006c9e00000)
 Metaspace       used 33825K, capacity 35464K, committed 35496K, reserved 1079296K
  class space    used 4783K, capacity 5112K, committed 5120K, reserved 1048576K
}
Event: 138.905 GC heap before
{Heap before GC invocations=5 (full 2):
 PSYoungGen      total 76288K, used 65536K [0x000000076ab00000, 0x0000000770780000, 0x00000007c0000000)
  eden space 65536K, 100% used [0x000000076ab00000,0x000000076eb00000,0x000000076eb00000)
  from space 10752K, 0% used [0x000000076f580000,0x000000076f580000,0x0000000770000000)
  to   space 10752K, 0% used [0x000000076eb00000,0x000000076eb00000,0x000000076f580000)
 ParOldGen       total 161792K, used 67315K [0x00000006c0000000, 0x00000006c9e00000, 0x000000076ab00000)
  object space 161792K, 41% used [0x00000006c0000000,0x00000006c41bcde8,0x00000006c9e00000)
 Metaspace       used 39115K, capacity 41060K, committed 41088K, reserved 1085440K
  class space    used 5384K, capacity 5740K, committed 5760K, reserved 1048576K
Event: 138.913 GC heap after
Heap after GC invocations=5 (full 2):
 PSYoungGen      total 76288K, used 9709K [0x000000076ab00000, 0x0000000770000000, 0x00000007c0000000)
  eden space 65536K, 0% used [0x000000076ab00000,0x000000076ab00000,0x000000076eb00000)
  from space 10752K, 90% used [0x000000076eb00000,0x000000076f47b788,0x000000076f580000)
  to   space 10752K, 0% used [0x000000076f580000,0x000000076f580000,0x0000000770000000)
 ParOldGen       total 161792K, used 67323K [0x00000006c0000000, 0x00000006c9e00000, 0x000000076ab00000)
  object space 161792K, 41% used [0x00000006c0000000,0x00000006c41bede8,0x00000006c9e00000)
 Metaspace       used 39115K, capacity 41060K, committed 41088K, reserved 1085440K
  class space    used 5384K, capacity 5740K, committed 5760K, reserved 1048576K
}
Event: 274.441 GC heap before
{Heap before GC invocations=6 (full 2):
 PSYoungGen      total 76288K, used 75245K [0x000000076ab00000, 0x0000000770000000, 0x00000007c0000000)
  eden space 65536K, 100% used [0x000000076ab00000,0x000000076eb00000,0x000000076eb00000)
  from space 10752K, 90% used [0x000000076eb00000,0x000000076f47b788,0x000000076f580000)
  to   space 10752K, 0% used [0x000000076f580000,0x000000076f580000,0x0000000770000000)
 ParOldGen       total 161792K, used 67323K [0x00000006c0000000, 0x00000006c9e00000, 0x000000076ab00000)
  object space 161792K, 41% used [0x00000006c0000000,0x00000006c41bede8,0x00000006c9e00000)
 Metaspace       used 39373K, capacity 41392K, committed 41728K, reserved 1085440K
  class space    used 5408K, capacity 5780K, committed 5888K, reserved 1048576K
Event: 274.483 GC heap after
Heap after GC invocations=6 (full 2):
 PSYoungGen      total 76288K, used 10729K [0x000000076ab00000, 0x0000000770000000, 0x00000007c0000000)
  eden space 65536K, 0% used [0x000000076ab00000,0x000000076ab00000,0x000000076eb00000)
  from space 10752K, 99% used [0x000000076f580000,0x000000076fffa630,0x0000000770000000)
  to   space 10752K, 0% used [0x000000076eb00000,0x000000076eb00000,0x000000076f580000)
 ParOldGen       total 161792K, used 113980K [0x00000006c0000000, 0x00000006c9e00000, 0x000000076ab00000)
  object space 161792K, 70% used [0x00000006c0000000,0x00000006c6f4f148,0x00000006c9e00000)
 Metaspace       used 39373K, capacity 41392K, committed 41728K, reserved 1085440K
  class space    used 5408K, capacity 5780K, committed 5888K, reserved 1048576K
}
Event: 274.483 GC heap before
{Heap before GC invocations=7 (full 3):
 PSYoungGen      total 76288K, used 10729K [0x000000076ab00000, 0x0000000770000000, 0x00000007c0000000)
  eden space 65536K, 0% used [0x000000076ab00000,0x000000076ab00000,0x000000076eb00000)
  from space 10752K, 99% used [0x000000076f580000,0x000000076fffa630,0x0000000770000000)
  to   space 10752K, 0% used [0x000000076eb00000,0x000000076eb00000,0x000000076f580000)
 ParOldGen       total 161792K, used 113980K [0x00000006c0000000, 0x00000006c9e00000, 0x000000076ab00000)
  object space 161792K, 70% used [0x00000006c0000000,0x00000006c6f4f148,0x00000006c9e00000)
 Metaspace       used 39373K, capacity 41392K, committed 41728K, reserved 1085440K
  class space    used 5408K, capacity 5780K, committed 5888K, reserved 1048576K
Event: 274.601 GC heap after
Heap after GC invocations=7 (full 3):
 PSYoungGen      total 76288K, used 0K [0x000000076ab00000, 0x0000000770000000, 0x00000007c0000000)
  eden space 65536K, 0% used [0x000000076ab00000,0x000000076ab00000,0x000000076eb00000)
  from space 10752K, 0% used [0x000000076f580000,0x000000076f580000,0x0000000770000000)
  to   space 10752K, 0% used [0x000000076eb00000,0x000000076eb00000,0x000000076f580000)
 ParOldGen       total 246272K, used 74909K [0x00000006c0000000, 0x00000006cf080000, 0x000000076ab00000)
  object space 246272K, 30% used [0x00000006c0000000,0x00000006c49274b0,0x00000006cf080000)
 Metaspace       used 39373K, capacity 41392K, committed 41728K, reserved 1085440K
  class space    used 5408K, capacity 5780K, committed 5888K, reserved 1048576K
}

