# JRE version: Java(TM) SE Runtime Environment (8.0_251-b08) (build 1.8.0_251-b08)
# Java VM: Java HotSpot(TM) 64-Bit Server VM (25.251-b08 mixed mode bsd-amd64 compressed oops)
Heap:
 PSYoungGen      total 76288K, used 30435K [0x000000076ab00000, 0x0000000770000000, 0x00000007c0000000)
  eden space 65536K, 34% used [0x000000076ab00000,0x000000076c0dee60,0x000000076eb00000)
  from space 10752K, 74% used [0x000000076eb00000,0x000000076f2d9f20,0x000000076f580000)
  to   space 10752K, 0% used [0x000000076f580000,0x000000076f580000,0x0000000770000000)
 ParOldGen       total 278016K, used 68307K [0x00000006c0000000, 0x00000006d0f80000, 0x000000076ab00000)
  object space 278016K, 24% used [0x00000006c0000000,0x00000006c42b4c90,0x00000006d0f80000)
 Metaspace       used 39842K, capacity 41780K, committed 42112K, reserved 1085440K
  class space    used 5524K, capacity 5899K, committed 6016K, reserved 1048576K
GC Heap History (10 events):
Event: 1.957 GC heap before
{Heap before GC invocations=1 (full 0):
 PSYoungGen      total 76288K, used 54314K [0x000000076ab00000, 0x0000000770000000, 0x00000007c0000000)
  eden space 65536K, 82% used [0x000000076ab00000,0x000000076e00a8f8,0x000000076eb00000)
  from space 10752K, 0% used [0x000000076f580000,0x000000076f580000,0x0000000770000000)
  to   space 10752K, 0% used [0x000000076eb00000,0x000000076eb00000,0x000000076f580000)
 ParOldGen       total 175104K, used 44384K [0x00000006c0000000, 0x00000006cab00000, 0x000000076ab00000)
  object space 175104K, 25% used [0x00000006c0000000,0x00000006c2b58320,0x00000006cab00000)
 Metaspace       used 20289K, capacity 21230K, committed 21296K, reserved 1067008K
  class space    used 2923K, capacity 3144K, committed 3200K, reserved 1048576K
Event: 1.970 GC heap after
Heap after GC invocations=1 (full 0):
 PSYoungGen      total 76288K, used 9875K [0x000000076ab00000, 0x0000000770000000, 0x00000007c0000000)
  eden space 65536K, 0% used [0x000000076ab00000,0x000000076ab00000,0x000000076eb00000)
  from space 10752K, 91% used [0x000000076eb00000,0x000000076f4a4ea0,0x000000076f580000)
  to   space 10752K, 0% used [0x000000076f580000,0x000000076f580000,0x0000000770000000)
 ParOldGen       total 175104K, used 44472K [0x00000006c0000000, 0x00000006cab00000, 0x000000076ab00000)
  object space 175104K, 25% used [0x00000006c0000000,0x00000006c2b6e330,0x00000006cab00000)
 Metaspace       used 20289K, capacity 21230K, committed 21296K, reserved 1067008K
  class space    used 2923K, capacity 3144K, committed 3200K, reserved 1048576K
}
Event: 1.970 GC heap before
{Heap before GC invocations=2 (full 1):
 PSYoungGen      total 76288K, used 9875K [0x000000076ab00000, 0x0000000770000000, 0x00000007c0000000)
  eden space 65536K, 0% used [0x000000076ab00000,0x000000076ab00000,0x000000076eb00000)
  from space 10752K, 91% used [0x000000076eb00000,0x000000076f4a4ea0,0x000000076f580000)
  to   space 10752K, 0% used [0x000000076f580000,0x000000076f580000,0x0000000770000000)
 ParOldGen       total 175104K, used 44472K [0x00000006c0000000, 0x00000006cab00000, 0x000000076ab00000)
  object space 175104K, 25% used [0x00000006c0000000,0x00000006c2b6e330,0x00000006cab00000)
 Metaspace       used 20289K, capacity 21230K, committed 21296K, reserved 1067008K
  class space    used 2923K, capacity 3144K, committed 3200K, reserved 1048576K
Event: 2.003 GC heap after
Heap after GC invocations=2 (full 1):
 PSYoungGen      total 76288K, used 0K [0x000000076ab00000, 0x0000000770000000, 0x00000007c0000000)
  eden space 65536K, 0% used [0x000000076ab00000,0x000000076ab00000,0x000000076eb00000)
  from space 10752K, 0% used [0x000000076eb00000,0x000000076eb00000,0x000000076f580000)
  to   space 10752K, 0% used [0x000000076f580000,0x000000076f580000,0x0000000770000000)
 ParOldGen       total 173568K, used 54013K [0x00000006c0000000, 0x00000006ca980000, 0x000000076ab00000)
  object space 173568K, 31% used [0x00000006c0000000,0x00000006c34bf588,0x00000006ca980000)
 Metaspace       used 20289K, capacity 21230K, committed 21296K, reserved 1067008K
  class space    used 2923K, capacity 3144K, committed 3200K, reserved 1048576K
}
Event: 9.738 GC heap before
{Heap before GC invocations=3 (full 1):
 PSYoungGen      total 76288K, used 54521K [0x000000076ab00000, 0x0000000770000000, 0x00000007c0000000)
  eden space 65536K, 83% used [0x000000076ab00000,0x000000076e03e408,0x000000076eb00000)
  from space 10752K, 0% used [0x000000076eb00000,0x000000076eb00000,0x000000076f580000)
  to   space 10752K, 0% used [0x000000076f580000,0x000000076f580000,0x0000000770000000)
 ParOldGen       total 173568K, used 54013K [0x00000006c0000000, 0x00000006ca980000, 0x000000076ab00000)
  object space 173568K, 31% used [0x00000006c0000000,0x00000006c34bf588,0x00000006ca980000)
 Metaspace       used 33758K, capacity 35362K, committed 35496K, reserved 1079296K
  class space    used 4805K, capacity 5096K, committed 5120K, reserved 1048576K
Event: 9.772 GC heap after
Heap after GC invocations=3 (full 1):
 PSYoungGen      total 76288K, used 10742K [0x000000076ab00000, 0x0000000770f80000, 0x00000007c0000000)
  eden space 65536K, 0% used [0x000000076ab00000,0x000000076ab00000,0x000000076eb00000)
  from space 10752K, 99% used [0x000000076f580000,0x000000076fffd890,0x0000000770000000)
  to   space 10752K, 0% used [0x000000076eb00000,0x000000076eb00000,0x000000076f580000)
 ParOldGen       total 173568K, used 63978K [0x00000006c0000000, 0x00000006ca980000, 0x000000076ab00000)
  object space 173568K, 36% used [0x00000006c0000000,0x00000006c3e7ab80,0x00000006ca980000)
 Metaspace       used 33758K, capacity 35362K, committed 35496K, reserved 1079296K
  class space    used 4805K, capacity 5096K, committed 5120K, reserved 1048576K
}
Event: 9.772 GC heap before
{Heap before GC invocations=4 (full 2):
 PSYoungGen      total 76288K, used 10742K [0x000000076ab00000, 0x0000000770f80000, 0x00000007c0000000)
  eden space 65536K, 0% used [0x000000076ab00000,0x000000076ab00000,0x000000076eb00000)
  from space 10752K, 99% used [0x000000076f580000,0x000000076fffd890,0x0000000770000000)
  to   space 10752K, 0% used [0x000000076eb00000,0x000000076eb00000,0x000000076f580000)
 ParOldGen       total 173568K, used 63978K [0x00000006c0000000, 0x00000006ca980000, 0x000000076ab00000)
  object space 173568K, 36% used [0x00000006c0000000,0x00000006c3e7ab80,0x00000006ca980000)
 Metaspace       used 33758K, capacity 35362K, committed 35496K, reserved 1079296K
  class space    used 4805K, capacity 5096K, committed 5120K, reserved 1048576K
Event: 9.820 GC heap after
Heap after GC invocations=4 (full 2):
 PSYoungGen      total 76288K, used 0K [0x000000076ab00000, 0x0000000770f80000, 0x00000007c0000000)
  eden space 65536K, 0% used [0x000000076ab00000,0x000000076ab00000,0x000000076eb00000)
  from space 10752K, 0% used [0x000000076f580000,0x000000076f580000,0x0000000770000000)
  to   space 10752K, 0% used [0x000000076eb00000,0x000000076eb00000,0x000000076f580000)
 ParOldGen       total 278016K, used 68299K [0x00000006c0000000, 0x00000006d0f80000, 0x000000076ab00000)
  object space 278016K, 24% used [0x00000006c0000000,0x00000006c42b2c90,0x00000006d0f80000)
 Metaspace       used 33758K, capacity 35362K, committed 35496K, reserved 1079296K
  class space    used 4805K, capacity 5096K, committed 5120K, reserved 1048576K
}
Event: 123.532 GC heap before
{Heap before GC invocations=5 (full 2):
 PSYoungGen      total 76288K, used 65536K [0x000000076ab00000, 0x0000000770f80000, 0x00000007c0000000)
  eden space 65536K, 100% used [0x000000076ab00000,0x000000076eb00000,0x000000076eb00000)
  from space 10752K, 0% used [0x000000076f580000,0x000000076f580000,0x0000000770000000)
  to   space 10752K, 0% used [0x000000076eb00000,0x000000076eb00000,0x000000076f580000)
 ParOldGen       total 278016K, used 68299K [0x00000006c0000000, 0x00000006d0f80000, 0x000000076ab00000)
  object space 278016K, 24% used [0x00000006c0000000,0x00000006c42b2c90,0x00000006d0f80000)
 Metaspace       used 39423K, capacity 41342K, committed 41472K, reserved 1085440K
  class space    used 5510K, capacity 5888K, committed 5888K, reserved 1048576K
Event: 123.538 GC heap after
Heap after GC invocations=5 (full 2):
 PSYoungGen      total 76288K, used 8039K [0x000000076ab00000, 0x0000000770000000, 0x00000007c0000000)
  eden space 65536K, 0% used [0x000000076ab00000,0x000000076ab00000,0x000000076eb00000)
  from space 10752K, 74% used [0x000000076eb00000,0x000000076f2d9f20,0x000000076f580000)
  to   space 10752K, 0% used [0x000000076f580000,0x000000076f580000,0x0000000770000000)
 ParOldGen       total 278016K, used 68307K [0x00000006c0000000, 0x00000006d0f80000, 0x000000076ab00000)
  object space 278016K, 24% used [0x00000006c0000000,0x00000006c42b4c90,0x00000006d0f80000)
 Metaspace       used 39423K, capacity 41342K, committed 41472K, reserved 1085440K
  class space    used 5510K, capacity 5888K, committed 5888K, reserved 1048576K
}

