# JRE version: Java(TM) SE Runtime Environment (8.0_251-b08) (build 1.8.0_251-b08)
# Java VM: Java HotSpot(TM) 64-Bit Server VM (25.251-b08 mixed mode bsd-amd64 compressed oops)
Heap:
 PSYoungGen      total 76288K, used 2298K [0x000000076ab00000, 0x0000000772780000, 0x00000007c0000000)
  eden space 65536K, 3% used [0x000000076ab00000,0x000000076ad3ea88,0x000000076eb00000)
  from space 10752K, 0% used [0x000000076eb00000,0x000000076eb00000,0x000000076f580000)
  to   space 10752K, 0% used [0x0000000771d00000,0x0000000771d00000,0x0000000772780000)
 ParOldGen       total 179712K, used 20838K [0x00000006c0000000, 0x00000006caf80000, 0x000000076ab00000)
  object space 179712K, 11% used [0x00000006c0000000,0x00000006c14599f8,0x00000006caf80000)
 Metaspace       used 34007K, capacity 35662K, committed 35880K, reserved 1079296K
  class space    used 4756K, capacity 5072K, committed 5160K, reserved 1048576K
GC Heap History (10 events):
Event: 2.332 GC heap before
{Heap before GC invocations=1 (full 0):
 PSYoungGen      total 76288K, used 54317K [0x000000076ab00000, 0x0000000770000000, 0x00000007c0000000)
  eden space 65536K, 82% used [0x000000076ab00000,0x000000076e00b6e8,0x000000076eb00000)
  from space 10752K, 0% used [0x000000076f580000,0x000000076f580000,0x0000000770000000)
  to   space 10752K, 0% used [0x000000076eb00000,0x000000076eb00000,0x000000076f580000)
 ParOldGen       total 175104K, used 44384K [0x00000006c0000000, 0x00000006cab00000, 0x000000076ab00000)
  object space 175104K, 25% used [0x00000006c0000000,0x00000006c2b58320,0x00000006cab00000)
 Metaspace       used 20288K, capacity 21236K, committed 21296K, reserved 1067008K
  class space    used 2924K, capacity 3145K, committed 3200K, reserved 1048576K
Event: 2.345 GC heap after
Heap after GC invocations=1 (full 0):
 PSYoungGen      total 76288K, used 9802K [0x000000076ab00000, 0x0000000770000000, 0x00000007c0000000)
  eden space 65536K, 0% used [0x000000076ab00000,0x000000076ab00000,0x000000076eb00000)
  from space 10752K, 91% used [0x000000076eb00000,0x000000076f492930,0x000000076f580000)
  to   space 10752K, 0% used [0x000000076f580000,0x000000076f580000,0x0000000770000000)
 ParOldGen       total 175104K, used 44472K [0x00000006c0000000, 0x00000006cab00000, 0x000000076ab00000)
  object space 175104K, 25% used [0x00000006c0000000,0x00000006c2b6e330,0x00000006cab00000)
 Metaspace       used 20288K, capacity 21236K, committed 21296K, reserved 1067008K
  class space    used 2924K, capacity 3145K, committed 3200K, reserved 1048576K
}
Event: 2.345 GC heap before
{Heap before GC invocations=2 (full 1):
 PSYoungGen      total 76288K, used 9802K [0x000000076ab00000, 0x0000000770000000, 0x00000007c0000000)
  eden space 65536K, 0% used [0x000000076ab00000,0x000000076ab00000,0x000000076eb00000)
  from space 10752K, 91% used [0x000000076eb00000,0x000000076f492930,0x000000076f580000)
  to   space 10752K, 0% used [0x000000076f580000,0x000000076f580000,0x0000000770000000)
 ParOldGen       total 175104K, used 44472K [0x00000006c0000000, 0x00000006cab00000, 0x000000076ab00000)
  object space 175104K, 25% used [0x00000006c0000000,0x00000006c2b6e330,0x00000006cab00000)
 Metaspace       used 20288K, capacity 21236K, committed 21296K, reserved 1067008K
  class space    used 2924K, capacity 3145K, committed 3200K, reserved 1048576K
Event: 2.379 GC heap after
Heap after GC invocations=2 (full 1):
 PSYoungGen      total 76288K, used 0K [0x000000076ab00000, 0x0000000770000000, 0x00000007c0000000)
  eden space 65536K, 0% used [0x000000076ab00000,0x000000076ab00000,0x000000076eb00000)
  from space 10752K, 0% used [0x000000076eb00000,0x000000076eb00000,0x000000076f580000)
  to   space 10752K, 0% used [0x000000076f580000,0x000000076f580000,0x0000000770000000)
 ParOldGen       total 173056K, used 54015K [0x00000006c0000000, 0x00000006ca900000, 0x000000076ab00000)
  object space 173056K, 31% used [0x00000006c0000000,0x00000006c34bfc60,0x00000006ca900000)
 Metaspace       used 20288K, capacity 21236K, committed 21296K, reserved 1067008K
  class space    used 2924K, capacity 3145K, committed 3200K, reserved 1048576K
}
Event: 42.393 GC heap before
{Heap before GC invocations=3 (full 1):
 PSYoungGen      total 76288K, used 65536K [0x000000076ab00000, 0x0000000770000000, 0x00000007c0000000)
  eden space 65536K, 100% used [0x000000076ab00000,0x000000076eb00000,0x000000076eb00000)
  from space 10752K, 0% used [0x000000076eb00000,0x000000076eb00000,0x000000076f580000)
  to   space 10752K, 0% used [0x000000076f580000,0x000000076f580000,0x0000000770000000)
 ParOldGen       total 173056K, used 54015K [0x00000006c0000000, 0x00000006ca900000, 0x000000076ab00000)
  object space 173056K, 31% used [0x00000006c0000000,0x00000006c34bfc60,0x00000006ca900000)
 Metaspace       used 29607K, capacity 31136K, committed 31488K, reserved 1077248K
  class space    used 3974K, capacity 4259K, committed 4352K, reserved 1048576K
Event: 42.406 GC heap after
Heap after GC invocations=3 (full 1):
 PSYoungGen      total 76288K, used 10734K [0x000000076ab00000, 0x0000000770b00000, 0x00000007c0000000)
  eden space 65536K, 0% used [0x000000076ab00000,0x000000076ab00000,0x000000076eb00000)
  from space 10752K, 99% used [0x000000076f580000,0x000000076fffb870,0x0000000770000000)
  to   space 10752K, 0% used [0x000000076eb00000,0x000000076eb00000,0x000000076f580000)
 ParOldGen       total 173056K, used 64412K [0x00000006c0000000, 0x00000006ca900000, 0x000000076ab00000)
  object space 173056K, 37% used [0x00000006c0000000,0x00000006c3ee7308,0x00000006ca900000)
 Metaspace       used 29607K, capacity 31136K, committed 31488K, reserved 1077248K
  class space    used 3974K, capacity 4259K, committed 4352K, reserved 1048576K
}
Event: 42.586 GC heap before
{Heap before GC invocations=4 (full 1):
 PSYoungGen      total 76288K, used 20418K [0x000000076ab00000, 0x0000000770b00000, 0x00000007c0000000)
  eden space 65536K, 14% used [0x000000076ab00000,0x000000076b475338,0x000000076eb00000)
  from space 10752K, 99% used [0x000000076f580000,0x000000076fffb870,0x0000000770000000)
  to   space 10752K, 0% used [0x000000076eb00000,0x000000076eb00000,0x000000076f580000)
 ParOldGen       total 173056K, used 64412K [0x00000006c0000000, 0x00000006ca900000, 0x000000076ab00000)
  object space 173056K, 37% used [0x00000006c0000000,0x00000006c3ee7308,0x00000006ca900000)
 Metaspace       used 33761K, capacity 35352K, committed 35496K, reserved 1079296K
  class space    used 4716K, capacity 5015K, committed 5032K, reserved 1048576K
Event: 42.599 GC heap after
Heap after GC invocations=4 (full 1):
 PSYoungGen      total 76288K, used 10734K [0x000000076ab00000, 0x0000000772780000, 0x00000007c0000000)
  eden space 65536K, 0% used [0x000000076ab00000,0x000000076ab00000,0x000000076eb00000)
  from space 10752K, 99% used [0x000000076eb00000,0x000000076f57b890,0x000000076f580000)
  to   space 10752K, 0% used [0x0000000771d00000,0x0000000771d00000,0x0000000772780000)
 ParOldGen       total 173056K, used 69923K [0x00000006c0000000, 0x00000006ca900000, 0x000000076ab00000)
  object space 173056K, 40% used [0x00000006c0000000,0x00000006c4448f80,0x00000006ca900000)
 Metaspace       used 33761K, capacity 35352K, committed 35496K, reserved 1079296K
  class space    used 4716K, capacity 5015K, committed 5032K, reserved 1048576K
}
Event: 42.599 GC heap before
{Heap before GC invocations=5 (full 2):
 PSYoungGen      total 76288K, used 10734K [0x000000076ab00000, 0x0000000772780000, 0x00000007c0000000)
  eden space 65536K, 0% used [0x000000076ab00000,0x000000076ab00000,0x000000076eb00000)
  from space 10752K, 99% used [0x000000076eb00000,0x000000076f57b890,0x000000076f580000)
  to   space 10752K, 0% used [0x0000000771d00000,0x0000000771d00000,0x0000000772780000)
 ParOldGen       total 173056K, used 69923K [0x00000006c0000000, 0x00000006ca900000, 0x000000076ab00000)
  object space 173056K, 40% used [0x00000006c0000000,0x00000006c4448f80,0x00000006ca900000)
 Metaspace       used 33761K, capacity 35352K, committed 35496K, reserved 1079296K
  class space    used 4716K, capacity 5015K, committed 5032K, reserved 1048576K
Event: 42.664 GC heap after
Heap after GC invocations=5 (full 2):
 PSYoungGen      total 76288K, used 0K [0x000000076ab00000, 0x0000000772780000, 0x00000007c0000000)
  eden space 65536K, 0% used [0x000000076ab00000,0x000000076ab00000,0x000000076eb00000)
  from space 10752K, 0% used [0x000000076eb00000,0x000000076eb00000,0x000000076f580000)
  to   space 10752K, 0% used [0x0000000771d00000,0x0000000771d00000,0x0000000772780000)
 ParOldGen       total 179712K, used 20838K [0x00000006c0000000, 0x00000006caf80000, 0x000000076ab00000)
  object space 179712K, 11% used [0x00000006c0000000,0x00000006c14599f8,0x00000006caf80000)
 Metaspace       used 33761K, capacity 35352K, committed 35496K, reserved 1079296K
  class space    used 4716K, capacity 5015K, committed 5032K, reserved 1048576K
}

