# JRE version: Java(TM) SE Runtime Environment (8.0_251-b08) (build 1.8.0_251-b08)
# Java VM: Java HotSpot(TM) 64-Bit Server VM (25.251-b08 mixed mode bsd-amd64 compressed oops)
Heap:
 PSYoungGen      total 76288K, used 53647K [0x000000076ab00000, 0x0000000771200000, 0x00000007c0000000)
  eden space 65536K, 81% used [0x000000076ab00000,0x000000076df63f20,0x000000076eb00000)
  from space 10752K, 0% used [0x000000076f580000,0x000000076f580000,0x0000000770000000)
  to   space 10752K, 0% used [0x000000076eb00000,0x000000076eb00000,0x000000076f580000)
 ParOldGen       total 283136K, used 68228K [0x00000006c0000000, 0x00000006d1480000, 0x000000076ab00000)
  object space 283136K, 24% used [0x00000006c0000000,0x00000006c42a13a0,0x00000006d1480000)
 Metaspace       used 38481K, capacity 40382K, committed 40576K, reserved 1083392K
  class space    used 5349K, capacity 5724K, committed 5760K, reserved 1048576K
GC Heap History (8 events):
Event: 2.064 GC heap before
{Heap before GC invocations=1 (full 0):
 PSYoungGen      total 76288K, used 54314K [0x000000076ab00000, 0x0000000770000000, 0x00000007c0000000)
  eden space 65536K, 82% used [0x000000076ab00000,0x000000076e00aba8,0x000000076eb00000)
  from space 10752K, 0% used [0x000000076f580000,0x000000076f580000,0x0000000770000000)
  to   space 10752K, 0% used [0x000000076eb00000,0x000000076eb00000,0x000000076f580000)
 ParOldGen       total 175104K, used 44384K [0x00000006c0000000, 0x00000006cab00000, 0x000000076ab00000)
  object space 175104K, 25% used [0x00000006c0000000,0x00000006c2b58320,0x00000006cab00000)
 Metaspace       used 20300K, capacity 21236K, committed 21296K, reserved 1067008K
  class space    used 2929K, capacity 3145K, committed 3200K, reserved 1048576K
Event: 2.075 GC heap after
Heap after GC invocations=1 (full 0):
 PSYoungGen      total 76288K, used 9812K [0x000000076ab00000, 0x0000000770000000, 0x00000007c0000000)
  eden space 65536K, 0% used [0x000000076ab00000,0x000000076ab00000,0x000000076eb00000)
  from space 10752K, 91% used [0x000000076eb00000,0x000000076f495148,0x000000076f580000)
  to   space 10752K, 0% used [0x000000076f580000,0x000000076f580000,0x0000000770000000)
 ParOldGen       total 175104K, used 44472K [0x00000006c0000000, 0x00000006cab00000, 0x000000076ab00000)
  object space 175104K, 25% used [0x00000006c0000000,0x00000006c2b6e330,0x00000006cab00000)
 Metaspace       used 20300K, capacity 21236K, committed 21296K, reserved 1067008K
  class space    used 2929K, capacity 3145K, committed 3200K, reserved 1048576K
}
Event: 2.075 GC heap before
{Heap before GC invocations=2 (full 1):
 PSYoungGen      total 76288K, used 9812K [0x000000076ab00000, 0x0000000770000000, 0x00000007c0000000)
  eden space 65536K, 0% used [0x000000076ab00000,0x000000076ab00000,0x000000076eb00000)
  from space 10752K, 91% used [0x000000076eb00000,0x000000076f495148,0x000000076f580000)
  to   space 10752K, 0% used [0x000000076f580000,0x000000076f580000,0x0000000770000000)
 ParOldGen       total 175104K, used 44472K [0x00000006c0000000, 0x00000006cab00000, 0x000000076ab00000)
  object space 175104K, 25% used [0x00000006c0000000,0x00000006c2b6e330,0x00000006cab00000)
 Metaspace       used 20300K, capacity 21236K, committed 21296K, reserved 1067008K
  class space    used 2929K, capacity 3145K, committed 3200K, reserved 1048576K
Event: 2.107 GC heap after
Heap after GC invocations=2 (full 1):
 PSYoungGen      total 76288K, used 0K [0x000000076ab00000, 0x0000000770000000, 0x00000007c0000000)
  eden space 65536K, 0% used [0x000000076ab00000,0x000000076ab00000,0x000000076eb00000)
  from space 10752K, 0% used [0x000000076eb00000,0x000000076eb00000,0x000000076f580000)
  to   space 10752K, 0% used [0x000000076f580000,0x000000076f580000,0x0000000770000000)
 ParOldGen       total 175104K, used 54026K [0x00000006c0000000, 0x00000006cab00000, 0x000000076ab00000)
  object space 175104K, 30% used [0x00000006c0000000,0x00000006c34c2ac0,0x00000006cab00000)
 Metaspace       used 20300K, capacity 21236K, committed 21296K, reserved 1067008K
  class space    used 2929K, capacity 3145K, committed 3200K, reserved 1048576K
}
Event: 6.986 GC heap before
{Heap before GC invocations=3 (full 1):
 PSYoungGen      total 76288K, used 52637K [0x000000076ab00000, 0x0000000770000000, 0x00000007c0000000)
  eden space 65536K, 80% used [0x000000076ab00000,0x000000076de67408,0x000000076eb00000)
  from space 10752K, 0% used [0x000000076eb00000,0x000000076eb00000,0x000000076f580000)
  to   space 10752K, 0% used [0x000000076f580000,0x000000076f580000,0x0000000770000000)
 ParOldGen       total 175104K, used 54026K [0x00000006c0000000, 0x00000006cab00000, 0x000000076ab00000)
  object space 175104K, 30% used [0x00000006c0000000,0x00000006c34c2ac0,0x00000006cab00000)
 Metaspace       used 33645K, capacity 35198K, committed 35456K, reserved 1079296K
  class space    used 4808K, capacity 5128K, committed 5248K, reserved 1048576K
Event: 7.019 GC heap after
Heap after GC invocations=3 (full 1):
 PSYoungGen      total 76288K, used 10738K [0x000000076ab00000, 0x0000000771200000, 0x00000007c0000000)
  eden space 65536K, 0% used [0x000000076ab00000,0x000000076ab00000,0x000000076eb00000)
  from space 10752K, 99% used [0x000000076f580000,0x000000076fffc870,0x0000000770000000)
  to   space 10752K, 0% used [0x000000076eb00000,0x000000076eb00000,0x000000076f580000)
 ParOldGen       total 175104K, used 64172K [0x00000006c0000000, 0x00000006cab00000, 0x000000076ab00000)
  object space 175104K, 36% used [0x00000006c0000000,0x00000006c3eab0c8,0x00000006cab00000)
 Metaspace       used 33645K, capacity 35198K, committed 35456K, reserved 1079296K
  class space    used 4808K, capacity 5128K, committed 5248K, reserved 1048576K
}
Event: 7.019 GC heap before
{Heap before GC invocations=4 (full 2):
 PSYoungGen      total 76288K, used 10738K [0x000000076ab00000, 0x0000000771200000, 0x00000007c0000000)
  eden space 65536K, 0% used [0x000000076ab00000,0x000000076ab00000,0x000000076eb00000)
  from space 10752K, 99% used [0x000000076f580000,0x000000076fffc870,0x0000000770000000)
  to   space 10752K, 0% used [0x000000076eb00000,0x000000076eb00000,0x000000076f580000)
 ParOldGen       total 175104K, used 64172K [0x00000006c0000000, 0x00000006cab00000, 0x000000076ab00000)
  object space 175104K, 36% used [0x00000006c0000000,0x00000006c3eab0c8,0x00000006cab00000)
 Metaspace       used 33645K, capacity 35198K, committed 35456K, reserved 1079296K
  class space    used 4808K, capacity 5128K, committed 5248K, reserved 1048576K
Event: 7.081 GC heap after
Heap after GC invocations=4 (full 2):
 PSYoungGen      total 76288K, used 0K [0x000000076ab00000, 0x0000000771200000, 0x00000007c0000000)
  eden space 65536K, 0% used [0x000000076ab00000,0x000000076ab00000,0x000000076eb00000)
  from space 10752K, 0% used [0x000000076f580000,0x000000076f580000,0x0000000770000000)
  to   space 10752K, 0% used [0x000000076eb00000,0x000000076eb00000,0x000000076f580000)
 ParOldGen       total 283136K, used 68228K [0x00000006c0000000, 0x00000006d1480000, 0x000000076ab00000)
  object space 283136K, 24% used [0x00000006c0000000,0x00000006c42a13a0,0x00000006d1480000)
 Metaspace       used 33645K, capacity 35198K, committed 35456K, reserved 1079296K
  class space    used 4808K, capacity 5128K, committed 5248K, reserved 1048576K
}

